<?xml version="1.0" encoding="UTF-8"?>
<!-- Generated by org.testng.reporters.JUnitXMLReporter -->
<testsuite ignored="0" hostname="Khan" failures="0" tests="5" name="Test" time="9.193" errors="0" timestamp="2020-12-13T14:52:01 EST">
  <testcase classname="sprint1.day1" name="getUrl" time="3.896"/>
  <testcase classname="sprint1.day1" name="verifyHomepageTitle" time="0.018"/>
  <testcase classname="sprint1.day1" name="verifySigninPage" time="1.164"/>
  <testcase classname="sprint1.day1" name="verifySignupForm" time="0.036"/>
  <testcase classname="sprint1.day1" name="verifyAuthentificForm" time="0.025"/>
</testsuite> <!-- Test -->
